<?xml version="1.0" encoding="UTF-8"?>
<!-- Generated by org.testng.reporters.JUnitReportReporter -->
<testsuite hostname="DESKTOP-Q955AKM" failures="0" tests="6" name="IKApi.StarWars.test.resourcesAssignment" time="2.447" errors="0" timestamp="2021-10-26T23:01:56 PDT" skipped="0">
  <testcase classname="IKApi.StarWars.test.resourcesAssignment" name="getPosts" time="0.139"/>
  <system-out/>
  <testcase classname="IKApi.StarWars.test.resourcesAssignment" name="getAlbums" time="1.765"/>
  <system-out/>
  <testcase classname="IKApi.StarWars.test.resourcesAssignment" name="getComments" time="0.148"/>
  <system-out/>
  <testcase classname="IKApi.StarWars.test.resourcesAssignment" name="getUsers" time="0.128"/>
  <system-out/>
  <testcase classname="IKApi.StarWars.test.resourcesAssignment" name="getPhotos" time="0.138"/>
  <system-out/>
  <testcase classname="IKApi.StarWars.test.resourcesAssignment" name="getTodos" time="0.129"/>
  <system-out/>
</testsuite> <!-- IKApi.StarWars.test.resourcesAssignment -->
